1: 1
2: 29
3: 5
4: 7
5: 1
6: 1
7: 20
8: 3
9: 9
10: 13
11: 30
12: 20
13: 26
14: 26
15: 16
16: 13
17: 23
18: 22
19: 8
20: 1
21: 22
22: 13
23: 35
24: 27
25: 1
26: 5
27: 5
28: 10
29: 18
30: 19
31: 7
32: 12
33: 6
34: 14
35: 12
36: 28
37: 14
38: 16
39: 20
40: 3
41: 23
42: 5
43: 20
44: 25
45: 13
46: 10
47: 3
48: 25
49: 11
50: 10
51: 20
52: 7
53: 32
54: 6
55: 16
56: 28
57: 25
58: 8
59: 29
60: 31
61: 27
62: 5
63: 11
64: 23
65: 15
66: 1
67: 5
68: 3
69: 6
70: 22
71: 21
72: 14
73: 12
74: 18
75: 23
76: 3
77: 9
78: 11
79: 16
80: 33
81: 1
82: 1
83: 5
84: 16
85: 8
86: 14
87: 3
88: 1
89: 15
90: 16
91: 20
92: 3
93: 11
94: 11
95: 18
96: 20
97: 15
98: 25
99: 30
100: 17
